<?xml version="1.0" encoding="UTF-8"?>
<robot generator="Robot 6.1.1 (Python 3.10.13 on linux)" generated="20231113 16:21:26.590" rpa="false" schemaversion="4">
<suite id="s1" name="Tests" source="/home/ounissin/palautusrepositorio/viikko3/login-robot/src/tests">
<suite id="s1-s1" name="Login" source="/home/ounissin/palautusrepositorio/viikko3/login-robot/src/tests/login.robot">
<test id="s1-s1-t1" name="Login With Correct Credentials" line="6">
<kw name="Create User And Input Login Command" type="SETUP">
<kw name="Create User" library="AppLibrary">
<arg>kalle</arg>
<arg>kalle123</arg>
<status status="PASS" starttime="20231113 16:21:26.607" endtime="20231113 16:21:26.607"/>
</kw>
<kw name="Input Login Command" library="resource">
<kw name="Input" library="AppLibrary">
<arg>login</arg>
<status status="PASS" starttime="20231113 16:21:26.607" endtime="20231113 16:21:26.607"/>
</kw>
<status status="PASS" starttime="20231113 16:21:26.607" endtime="20231113 16:21:26.607"/>
</kw>
<status status="PASS" starttime="20231113 16:21:26.606" endtime="20231113 16:21:26.607"/>
</kw>
<kw name="Input Credentials" library="resource">
<arg>kalle</arg>
<arg>kalle123</arg>
<kw name="Input" library="AppLibrary">
<arg>${username}</arg>
<status status="PASS" starttime="20231113 16:21:26.607" endtime="20231113 16:21:26.608"/>
</kw>
<kw name="Input" library="AppLibrary">
<arg>${password}</arg>
<status status="PASS" starttime="20231113 16:21:26.608" endtime="20231113 16:21:26.608"/>
</kw>
<kw name="Run Application" library="AppLibrary">
<status status="PASS" starttime="20231113 16:21:26.608" endtime="20231113 16:21:26.608"/>
</kw>
<status status="PASS" starttime="20231113 16:21:26.607" endtime="20231113 16:21:26.608"/>
</kw>
<kw name="Output Should Contain" library="AppLibrary">
<arg>Logged in</arg>
<status status="PASS" starttime="20231113 16:21:26.608" endtime="20231113 16:21:26.608"/>
</kw>
<status status="PASS" starttime="20231113 16:21:26.606" endtime="20231113 16:21:26.608"/>
</test>
<test id="s1-s1-t2" name="Login With Incorrect Password" line="10">
<kw name="Create User And Input Login Command" type="SETUP">
<kw name="Create User" library="AppLibrary">
<arg>kalle</arg>
<arg>kalle123</arg>
<status status="PASS" starttime="20231113 16:21:26.609" endtime="20231113 16:21:26.609"/>
</kw>
<kw name="Input Login Command" library="resource">
<kw name="Input" library="AppLibrary">
<arg>login</arg>
<status status="PASS" starttime="20231113 16:21:26.609" endtime="20231113 16:21:26.609"/>
</kw>
<status status="PASS" starttime="20231113 16:21:26.609" endtime="20231113 16:21:26.609"/>
</kw>
<status status="PASS" starttime="20231113 16:21:26.609" endtime="20231113 16:21:26.609"/>
</kw>
<kw name="Input Credentials" library="resource">
<arg>kalle</arg>
<arg>kalle100</arg>
<kw name="Input" library="AppLibrary">
<arg>${username}</arg>
<status status="PASS" starttime="20231113 16:21:26.609" endtime="20231113 16:21:26.609"/>
</kw>
<kw name="Input" library="AppLibrary">
<arg>${password}</arg>
<status status="PASS" starttime="20231113 16:21:26.609" endtime="20231113 16:21:26.610"/>
</kw>
<kw name="Run Application" library="AppLibrary">
<status status="PASS" starttime="20231113 16:21:26.610" endtime="20231113 16:21:26.610"/>
</kw>
<status status="PASS" starttime="20231113 16:21:26.609" endtime="20231113 16:21:26.610"/>
</kw>
<kw name="Output Should Contain" library="AppLibrary">
<arg>Invalid username or password</arg>
<status status="PASS" starttime="20231113 16:21:26.610" endtime="20231113 16:21:26.610"/>
</kw>
<status status="PASS" starttime="20231113 16:21:26.608" endtime="20231113 16:21:26.610"/>
</test>
<test id="s1-s1-t3" name="Login With Nonexistent Username" line="14">
<kw name="Create User And Input Login Command" type="SETUP">
<kw name="Create User" library="AppLibrary">
<arg>kalle</arg>
<arg>kalle123</arg>
<status status="PASS" starttime="20231113 16:21:26.610" endtime="20231113 16:21:26.611"/>
</kw>
<kw name="Input Login Command" library="resource">
<kw name="Input" library="AppLibrary">
<arg>login</arg>
<status status="PASS" starttime="20231113 16:21:26.611" endtime="20231113 16:21:26.611"/>
</kw>
<status status="PASS" starttime="20231113 16:21:26.611" endtime="20231113 16:21:26.611"/>
</kw>
<status status="PASS" starttime="20231113 16:21:26.610" endtime="20231113 16:21:26.611"/>
</kw>
<kw name="Input Credentials" library="resource">
<arg>matti</arg>
<arg>matti1</arg>
<kw name="Input" library="AppLibrary">
<arg>${username}</arg>
<status status="PASS" starttime="20231113 16:21:26.611" endtime="20231113 16:21:26.611"/>
</kw>
<kw name="Input" library="AppLibrary">
<arg>${password}</arg>
<status status="PASS" starttime="20231113 16:21:26.611" endtime="20231113 16:21:26.611"/>
</kw>
<kw name="Run Application" library="AppLibrary">
<status status="PASS" starttime="20231113 16:21:26.611" endtime="20231113 16:21:26.611"/>
</kw>
<status status="PASS" starttime="20231113 16:21:26.611" endtime="20231113 16:21:26.611"/>
</kw>
<kw name="Output Should Contain" library="AppLibrary">
<arg>Invalid username or password</arg>
<status status="PASS" starttime="20231113 16:21:26.612" endtime="20231113 16:21:26.612"/>
</kw>
<status status="PASS" starttime="20231113 16:21:26.610" endtime="20231113 16:21:26.612"/>
</test>
<status status="PASS" starttime="20231113 16:21:26.602" endtime="20231113 16:21:26.612"/>
</suite>
<suite id="s1-s2" name="Register" source="/home/ounissin/palautusrepositorio/viikko3/login-robot/src/tests/register.robot">
<test id="s1-s2-t1" name="Register With Valid Username And Password" line="7">
<kw name="Input New Command And Create User" type="SETUP">
<kw name="Input New Command" library="resource">
<kw name="Input" library="AppLibrary">
<arg>new</arg>
<status status="PASS" starttime="20231113 16:21:26.615" endtime="20231113 16:21:26.615"/>
</kw>
<status status="PASS" starttime="20231113 16:21:26.615" endtime="20231113 16:21:26.615"/>
</kw>
<kw name="Create User" library="AppLibrary">
<arg>testaaja</arg>
<arg>testaaja2</arg>
<status status="PASS" starttime="20231113 16:21:26.615" endtime="20231113 16:21:26.615"/>
</kw>
<status status="PASS" starttime="20231113 16:21:26.615" endtime="20231113 16:21:26.615"/>
</kw>
<kw name="Input Credentials" library="resource">
<arg>tester</arg>
<arg>tester12345</arg>
<kw name="Input" library="AppLibrary">
<arg>${username}</arg>
<status status="PASS" starttime="20231113 16:21:26.616" endtime="20231113 16:21:26.616"/>
</kw>
<kw name="Input" library="AppLibrary">
<arg>${password}</arg>
<status status="PASS" starttime="20231113 16:21:26.616" endtime="20231113 16:21:26.616"/>
</kw>
<kw name="Run Application" library="AppLibrary">
<status status="PASS" starttime="20231113 16:21:26.616" endtime="20231113 16:21:26.616"/>
</kw>
<status status="PASS" starttime="20231113 16:21:26.616" endtime="20231113 16:21:26.616"/>
</kw>
<kw name="Output Should Contain" library="AppLibrary">
<arg>New user registered</arg>
<status status="PASS" starttime="20231113 16:21:26.616" endtime="20231113 16:21:26.616"/>
</kw>
<status status="PASS" starttime="20231113 16:21:26.614" endtime="20231113 16:21:26.616"/>
</test>
<test id="s1-s2-t2" name="Register With Already Taken Username And Valid Password" line="13">
<kw name="Input New Command And Create User" type="SETUP">
<kw name="Input New Command" library="resource">
<kw name="Input" library="AppLibrary">
<arg>new</arg>
<status status="PASS" starttime="20231113 16:21:26.617" endtime="20231113 16:21:26.617"/>
</kw>
<status status="PASS" starttime="20231113 16:21:26.617" endtime="20231113 16:21:26.617"/>
</kw>
<kw name="Create User" library="AppLibrary">
<arg>testaaja</arg>
<arg>testaaja2</arg>
<status status="PASS" starttime="20231113 16:21:26.617" endtime="20231113 16:21:26.617"/>
</kw>
<status status="PASS" starttime="20231113 16:21:26.617" endtime="20231113 16:21:26.617"/>
</kw>
<kw name="Input Credentials" library="resource">
<arg>testaaja</arg>
<arg>123tester</arg>
<kw name="Input" library="AppLibrary">
<arg>${username}</arg>
<status status="PASS" starttime="20231113 16:21:26.618" endtime="20231113 16:21:26.618"/>
</kw>
<kw name="Input" library="AppLibrary">
<arg>${password}</arg>
<status status="PASS" starttime="20231113 16:21:26.618" endtime="20231113 16:21:26.618"/>
</kw>
<kw name="Run Application" library="AppLibrary">
<status status="PASS" starttime="20231113 16:21:26.618" endtime="20231113 16:21:26.618"/>
</kw>
<status status="PASS" starttime="20231113 16:21:26.617" endtime="20231113 16:21:26.618"/>
</kw>
<kw name="Output Should Contain" library="AppLibrary">
<arg>User with username testaaja already exists</arg>
<status status="PASS" starttime="20231113 16:21:26.618" endtime="20231113 16:21:26.618"/>
</kw>
<status status="PASS" starttime="20231113 16:21:26.616" endtime="20231113 16:21:26.618"/>
</test>
<test id="s1-s2-t3" name="Register With Too Short Username And Valid Password" line="18">
<kw name="Input New Command And Create User" type="SETUP">
<kw name="Input New Command" library="resource">
<kw name="Input" library="AppLibrary">
<arg>new</arg>
<status status="PASS" starttime="20231113 16:21:26.619" endtime="20231113 16:21:26.619"/>
</kw>
<status status="PASS" starttime="20231113 16:21:26.619" endtime="20231113 16:21:26.619"/>
</kw>
<kw name="Create User" library="AppLibrary">
<arg>testaaja</arg>
<arg>testaaja2</arg>
<status status="PASS" starttime="20231113 16:21:26.619" endtime="20231113 16:21:26.619"/>
</kw>
<status status="PASS" starttime="20231113 16:21:26.619" endtime="20231113 16:21:26.619"/>
</kw>
<kw name="Input Credentials" library="resource">
<arg>te</arg>
<arg>123tester</arg>
<kw name="Input" library="AppLibrary">
<arg>${username}</arg>
<status status="PASS" starttime="20231113 16:21:26.619" endtime="20231113 16:21:26.619"/>
</kw>
<kw name="Input" library="AppLibrary">
<arg>${password}</arg>
<status status="PASS" starttime="20231113 16:21:26.619" endtime="20231113 16:21:26.620"/>
</kw>
<kw name="Run Application" library="AppLibrary">
<status status="PASS" starttime="20231113 16:21:26.620" endtime="20231113 16:21:26.620"/>
</kw>
<status status="PASS" starttime="20231113 16:21:26.619" endtime="20231113 16:21:26.620"/>
</kw>
<kw name="Output Should Contain" library="AppLibrary">
<arg>Username too short, must be at least 3 letters</arg>
<status status="PASS" starttime="20231113 16:21:26.620" endtime="20231113 16:21:26.620"/>
</kw>
<status status="PASS" starttime="20231113 16:21:26.618" endtime="20231113 16:21:26.620"/>
</test>
<test id="s1-s2-t4" name="Register With Enough Long But Invald Username And Valid Password" line="23">
<kw name="Input New Command And Create User" type="SETUP">
<kw name="Input New Command" library="resource">
<kw name="Input" library="AppLibrary">
<arg>new</arg>
<status status="PASS" starttime="20231113 16:21:26.620" endtime="20231113 16:21:26.621"/>
</kw>
<status status="PASS" starttime="20231113 16:21:26.620" endtime="20231113 16:21:26.621"/>
</kw>
<kw name="Create User" library="AppLibrary">
<arg>testaaja</arg>
<arg>testaaja2</arg>
<status status="PASS" starttime="20231113 16:21:26.621" endtime="20231113 16:21:26.621"/>
</kw>
<status status="PASS" starttime="20231113 16:21:26.620" endtime="20231113 16:21:26.621"/>
</kw>
<kw name="Input Credentials" library="resource">
<arg>12345</arg>
<arg>123tester</arg>
<kw name="Input" library="AppLibrary">
<arg>${username}</arg>
<status status="PASS" starttime="20231113 16:21:26.621" endtime="20231113 16:21:26.621"/>
</kw>
<kw name="Input" library="AppLibrary">
<arg>${password}</arg>
<status status="PASS" starttime="20231113 16:21:26.621" endtime="20231113 16:21:26.621"/>
</kw>
<kw name="Run Application" library="AppLibrary">
<status status="PASS" starttime="20231113 16:21:26.621" endtime="20231113 16:21:26.621"/>
</kw>
<status status="PASS" starttime="20231113 16:21:26.621" endtime="20231113 16:21:26.621"/>
</kw>
<kw name="Output Should Contain" library="AppLibrary">
<arg>Username must consist of letters a-z</arg>
<status status="PASS" starttime="20231113 16:21:26.621" endtime="20231113 16:21:26.621"/>
</kw>
<status status="PASS" starttime="20231113 16:21:26.620" endtime="20231113 16:21:26.622"/>
</test>
<test id="s1-s2-t5" name="Register With Valid Username And Too Short Password" line="28">
<kw name="Input New Command And Create User" type="SETUP">
<kw name="Input New Command" library="resource">
<kw name="Input" library="AppLibrary">
<arg>new</arg>
<status status="PASS" starttime="20231113 16:21:26.622" endtime="20231113 16:21:26.622"/>
</kw>
<status status="PASS" starttime="20231113 16:21:26.622" endtime="20231113 16:21:26.622"/>
</kw>
<kw name="Create User" library="AppLibrary">
<arg>testaaja</arg>
<arg>testaaja2</arg>
<status status="PASS" starttime="20231113 16:21:26.622" endtime="20231113 16:21:26.622"/>
</kw>
<status status="PASS" starttime="20231113 16:21:26.622" endtime="20231113 16:21:26.622"/>
</kw>
<kw name="Input Credentials" library="resource">
<arg>tester</arg>
<arg>1r</arg>
<kw name="Input" library="AppLibrary">
<arg>${username}</arg>
<status status="PASS" starttime="20231113 16:21:26.623" endtime="20231113 16:21:26.623"/>
</kw>
<kw name="Input" library="AppLibrary">
<arg>${password}</arg>
<status status="PASS" starttime="20231113 16:21:26.623" endtime="20231113 16:21:26.623"/>
</kw>
<kw name="Run Application" library="AppLibrary">
<status status="PASS" starttime="20231113 16:21:26.623" endtime="20231113 16:21:26.623"/>
</kw>
<status status="PASS" starttime="20231113 16:21:26.623" endtime="20231113 16:21:26.623"/>
</kw>
<kw name="Output Should Contain" library="AppLibrary">
<arg>Password too short, must be at least 8 characters</arg>
<status status="PASS" starttime="20231113 16:21:26.623" endtime="20231113 16:21:26.623"/>
</kw>
<status status="PASS" starttime="20231113 16:21:26.622" endtime="20231113 16:21:26.623"/>
</test>
<test id="s1-s2-t6" name="Register With Valid Username And Long Enough Password Containing Only Letters" line="33">
<kw name="Input New Command And Create User" type="SETUP">
<kw name="Input New Command" library="resource">
<kw name="Input" library="AppLibrary">
<arg>new</arg>
<status status="PASS" starttime="20231113 16:21:26.624" endtime="20231113 16:21:26.624"/>
</kw>
<status status="PASS" starttime="20231113 16:21:26.624" endtime="20231113 16:21:26.624"/>
</kw>
<kw name="Create User" library="AppLibrary">
<arg>testaaja</arg>
<arg>testaaja2</arg>
<status status="PASS" starttime="20231113 16:21:26.624" endtime="20231113 16:21:26.624"/>
</kw>
<status status="PASS" starttime="20231113 16:21:26.624" endtime="20231113 16:21:26.624"/>
</kw>
<kw name="Input Credentials" library="resource">
<arg>tester</arg>
<arg>salasana</arg>
<kw name="Input" library="AppLibrary">
<arg>${username}</arg>
<status status="PASS" starttime="20231113 16:21:26.624" endtime="20231113 16:21:26.624"/>
</kw>
<kw name="Input" library="AppLibrary">
<arg>${password}</arg>
<status status="PASS" starttime="20231113 16:21:26.624" endtime="20231113 16:21:26.625"/>
</kw>
<kw name="Run Application" library="AppLibrary">
<status status="PASS" starttime="20231113 16:21:26.625" endtime="20231113 16:21:26.625"/>
</kw>
<status status="PASS" starttime="20231113 16:21:26.624" endtime="20231113 16:21:26.625"/>
</kw>
<kw name="Output Should Contain" library="AppLibrary">
<arg>Password must consist of letters a-z and at least one number 0-9</arg>
<status status="PASS" starttime="20231113 16:21:26.625" endtime="20231113 16:21:26.625"/>
</kw>
<status status="PASS" starttime="20231113 16:21:26.623" endtime="20231113 16:21:26.625"/>
</test>
<status status="PASS" starttime="20231113 16:21:26.612" endtime="20231113 16:21:26.625"/>
</suite>
<status status="PASS" starttime="20231113 16:21:26.591" endtime="20231113 16:21:26.626"/>
</suite>
<statistics>
<total>
<stat pass="9" fail="0" skip="0">All Tests</stat>
</total>
<tag>
</tag>
<suite>
<stat pass="9" fail="0" skip="0" id="s1" name="Tests">Tests</stat>
<stat pass="3" fail="0" skip="0" id="s1-s1" name="Login">Tests.Login</stat>
<stat pass="6" fail="0" skip="0" id="s1-s2" name="Register">Tests.Register</stat>
</suite>
</statistics>
<errors>
</errors>
</robot>
