<?xml version="1.0" encoding="UTF-8"?>
<robot generator="Robot 6.1.1 (Python 3.10.13 on linux)" generated="20231112 16:28:30.965" rpa="false" schemaversion="4">
<suite id="s1" name="Tests" source="/home/ounissin/palautusrepositorio/viikko3/login-robot/src/tests">
<suite id="s1-s1" name="Login" source="/home/ounissin/palautusrepositorio/viikko3/login-robot/src/tests/login.robot">
<test id="s1-s1-t1" name="Login With Correct Credentials" line="6">
<kw name="Create User And Input Login Command" type="SETUP">
<kw name="Create User" library="AppLibrary">
<arg>kalle</arg>
<arg>kalle123</arg>
<status status="PASS" starttime="20231112 16:28:30.980" endtime="20231112 16:28:30.980"/>
</kw>
<kw name="Input Login Command" library="resource">
<kw name="Input" library="AppLibrary">
<arg>login</arg>
<status status="PASS" starttime="20231112 16:28:30.980" endtime="20231112 16:28:30.980"/>
</kw>
<status status="PASS" starttime="20231112 16:28:30.980" endtime="20231112 16:28:30.980"/>
</kw>
<status status="PASS" starttime="20231112 16:28:30.979" endtime="20231112 16:28:30.980"/>
</kw>
<kw name="Input Credentials" library="resource">
<arg>kalle</arg>
<arg>kalle123</arg>
<kw name="Input" library="AppLibrary">
<arg>${username}</arg>
<status status="PASS" starttime="20231112 16:28:30.980" endtime="20231112 16:28:30.981"/>
</kw>
<kw name="Input" library="AppLibrary">
<arg>${password}</arg>
<status status="PASS" starttime="20231112 16:28:30.981" endtime="20231112 16:28:30.981"/>
</kw>
<kw name="Run Application" library="AppLibrary">
<status status="PASS" starttime="20231112 16:28:30.981" endtime="20231112 16:28:30.981"/>
</kw>
<status status="PASS" starttime="20231112 16:28:30.980" endtime="20231112 16:28:30.981"/>
</kw>
<kw name="Output Should Contain" library="AppLibrary">
<arg>Logged in</arg>
<status status="PASS" starttime="20231112 16:28:30.981" endtime="20231112 16:28:30.981"/>
</kw>
<status status="PASS" starttime="20231112 16:28:30.979" endtime="20231112 16:28:30.981"/>
</test>
<test id="s1-s1-t2" name="Login With Incorrect Password" line="10">
<kw name="Create User And Input Login Command" type="SETUP">
<kw name="Create User" library="AppLibrary">
<arg>kalle</arg>
<arg>kalle123</arg>
<status status="PASS" starttime="20231112 16:28:30.982" endtime="20231112 16:28:30.982"/>
</kw>
<kw name="Input Login Command" library="resource">
<kw name="Input" library="AppLibrary">
<arg>login</arg>
<status status="PASS" starttime="20231112 16:28:30.982" endtime="20231112 16:28:30.982"/>
</kw>
<status status="PASS" starttime="20231112 16:28:30.982" endtime="20231112 16:28:30.982"/>
</kw>
<status status="PASS" starttime="20231112 16:28:30.981" endtime="20231112 16:28:30.982"/>
</kw>
<kw name="Input Credentials" library="resource">
<arg>kalle</arg>
<arg>kalle100</arg>
<kw name="Input" library="AppLibrary">
<arg>${username}</arg>
<status status="PASS" starttime="20231112 16:28:30.982" endtime="20231112 16:28:30.982"/>
</kw>
<kw name="Input" library="AppLibrary">
<arg>${password}</arg>
<status status="PASS" starttime="20231112 16:28:30.982" endtime="20231112 16:28:30.982"/>
</kw>
<kw name="Run Application" library="AppLibrary">
<status status="PASS" starttime="20231112 16:28:30.982" endtime="20231112 16:28:30.983"/>
</kw>
<status status="PASS" starttime="20231112 16:28:30.982" endtime="20231112 16:28:30.983"/>
</kw>
<kw name="Output Should Contain" library="AppLibrary">
<arg>Invalid username or password</arg>
<status status="PASS" starttime="20231112 16:28:30.983" endtime="20231112 16:28:30.983"/>
</kw>
<status status="PASS" starttime="20231112 16:28:30.981" endtime="20231112 16:28:30.983"/>
</test>
<test id="s1-s1-t3" name="Login With Nonexistent Username" line="14">
<kw name="Create User And Input Login Command" type="SETUP">
<kw name="Create User" library="AppLibrary">
<arg>kalle</arg>
<arg>kalle123</arg>
<status status="PASS" starttime="20231112 16:28:30.983" endtime="20231112 16:28:30.983"/>
</kw>
<kw name="Input Login Command" library="resource">
<kw name="Input" library="AppLibrary">
<arg>login</arg>
<status status="PASS" starttime="20231112 16:28:30.983" endtime="20231112 16:28:30.984"/>
</kw>
<status status="PASS" starttime="20231112 16:28:30.983" endtime="20231112 16:28:30.984"/>
</kw>
<status status="PASS" starttime="20231112 16:28:30.983" endtime="20231112 16:28:30.984"/>
</kw>
<kw name="Input Credentials" library="resource">
<arg>matti</arg>
<arg>matti1</arg>
<kw name="Input" library="AppLibrary">
<arg>${username}</arg>
<status status="PASS" starttime="20231112 16:28:30.984" endtime="20231112 16:28:30.984"/>
</kw>
<kw name="Input" library="AppLibrary">
<arg>${password}</arg>
<status status="PASS" starttime="20231112 16:28:30.984" endtime="20231112 16:28:30.984"/>
</kw>
<kw name="Run Application" library="AppLibrary">
<status status="PASS" starttime="20231112 16:28:30.984" endtime="20231112 16:28:30.984"/>
</kw>
<status status="PASS" starttime="20231112 16:28:30.984" endtime="20231112 16:28:30.984"/>
</kw>
<kw name="Output Should Contain" library="AppLibrary">
<arg>Invalid username or password</arg>
<status status="PASS" starttime="20231112 16:28:30.984" endtime="20231112 16:28:30.984"/>
</kw>
<status status="PASS" starttime="20231112 16:28:30.983" endtime="20231112 16:28:30.984"/>
</test>
<status status="PASS" starttime="20231112 16:28:30.976" endtime="20231112 16:28:30.985"/>
</suite>
<status status="PASS" starttime="20231112 16:28:30.965" endtime="20231112 16:28:30.985"/>
</suite>
<statistics>
<total>
<stat pass="3" fail="0" skip="0">All Tests</stat>
</total>
<tag>
</tag>
<suite>
<stat pass="3" fail="0" skip="0" id="s1" name="Tests">Tests</stat>
<stat pass="3" fail="0" skip="0" id="s1-s1" name="Login">Tests.Login</stat>
</suite>
</statistics>
<errors>
</errors>
</robot>
